Arguments: 
  /usr/local/bin/node /usr/local/bin/yarn add express express-validtor bcrypt config jsonwebtoken request mongoose

PATH: 
  /home/chandra/applications/flutter_linux_v1.9.1+hotfix.2-stable/flutter/bin:./node_modules/.bin:/usr/local/sbin:/usr/local/bin:/usr/sbin:/usr/bin:/sbin:/bin:/usr/games:/usr/local/games:/snap/bin:/usr/lib/jvm/java-12-oracle/bin:/usr/lib/jvm/java-12-oracle/db/bin:/home/chandra/Android/Sdk/emulator:/home/chandra/Android/Sdk/tools:/home/chandra/Android/Sdk/tools/bin:/home/chandra/Android/Sdk/platform-tools

Yarn version: 
  1.19.1

Node version: 
  13.5.0

Platform: 
  linux x64

Trace: 
  Error: https://registry.yarnpkg.com/express-validtor: Not found
      at Request.params.callback [as _callback] (/usr/local/lib/node_modules/yarn/lib/cli.js:66926:18)
      at Request.self.callback (/usr/local/lib/node_modules/yarn/lib/cli.js:140564:22)
      at Request.emit (events.js:305:20)
      at Request.<anonymous> (/usr/local/lib/node_modules/yarn/lib/cli.js:141536:10)
      at Request.emit (events.js:305:20)
      at IncomingMessage.<anonymous> (/usr/local/lib/node_modules/yarn/lib/cli.js:141458:12)
      at Object.onceWrapper (events.js:411:28)
      at IncomingMessage.emit (events.js:317:22)
      at endReadableNT (_stream_readable.js:1215:12)
      at processTicksAndRejections (internal/process/task_queues.js:84:21)

npm manifest: 
  {
    "name": "devconnector",
    "version": "1.0.0",
    "description": "Api for developers to connect",
    "main": "server.js",
    "scripts": {
      "start": "node server.js",
      "dev": "nodemon server.js"
    },
    "keywords": [],
    "author": "chandrapenugonda",
    "license": "MIT"
  }

yarn manifest: 
  No manifest

Lockfile: 
  No lockfile
